<?xml version="1.0" encoding="UTF-8"?>
<!-- Generated by org.testng.reporters.JUnitReportReporter -->
<testsuite hostname="LAPTOP-AOTFQ1S8" failures="0" tests="1" name="com.crm.Vtiger.Modules.TC002_CreateOrganistionTest" time="100.096" errors="0" timestamp="2023-01-17T12:32:08 IST" skipped="0">
  <testcase classname="com.crm.Vtiger.Modules.TC002_CreateOrganistionTest" name="createOrganisation" time="100.096"/>
  <system-out/>
</testsuite> <!-- com.crm.Vtiger.Modules.TC002_CreateOrganistionTest -->
