<?xml version="1.0" encoding="UTF-8"?>
<!-- Generated by org.testng.reporters.JUnitReportReporter -->
<testsuite hostname="LAPTOP-AOTFQ1S8" failures="0" tests="1" name="com.crm.Vtiger.Modules.TC001_CreateContactTest" time="92.883" errors="0" timestamp="2023-01-17T12:02:06 IST" skipped="0">
  <testcase classname="com.crm.Vtiger.Modules.TC001_CreateContactTest" name="createContact" time="92.883"/>
  <system-out/>
</testsuite> <!-- com.crm.Vtiger.Modules.TC001_CreateContactTest -->
